<?xml version="1.0" encoding="UTF-8"?>
<testng-results skipped="0" failed="0" ignored="0" total="1" passed="1">
  <reporter-output>
  </reporter-output>
  <suite name="Default suite" duration-ms="7075" started-at="2019-02-18T17:32:25Z" finished-at="2019-02-18T17:32:32Z">
    <groups>
    </groups>
    <test name="Default test" duration-ms="7075" started-at="2019-02-18T17:32:25Z" finished-at="2019-02-18T17:32:32Z">
      <class name="testReport.Exercise1ExtentReports">
        <test-method status="PASS" signature="beforeClass()[pri:0, instance:testReport.Exercise1ExtentReports@29774679]" name="beforeClass" is-config="true" duration-ms="5866" started-at="2019-02-18T17:32:25Z" finished-at="2019-02-18T17:32:31Z">
          <reporter-output>
          </reporter-output>
        </test-method> <!-- beforeClass -->
        <test-method status="PASS" signature="textarea()[pri:1, instance:testReport.Exercise1ExtentReports@29774679]" name="textarea" duration-ms="514" started-at="2019-02-18T17:32:31Z" finished-at="2019-02-18T17:32:31Z">
          <reporter-output>
          </reporter-output>
        </test-method> <!-- textarea -->
        <test-method status="PASS" signature="Summary(org.testng.ITestResult)[pri:0, instance:testReport.Exercise1ExtentReports@29774679]" name="Summary" is-config="true" duration-ms="410" started-at="2019-02-18T17:32:31Z" finished-at="2019-02-18T17:32:32Z">
          <params>
            <param index="0">
              <value>
                <![CDATA[[TestResult name=textarea status=SUCCESS method=Exercise1ExtentReports.textarea()[pri:1, instance:testReport.Exercise1ExtentReports@29774679] output={null}]]]>
              </value>
            </param>
          </params>
          <reporter-output>
          </reporter-output>
        </test-method> <!-- Summary -->
        <test-method status="PASS" signature="tearDown(org.testng.ITestResult)[pri:0, instance:testReport.Exercise1ExtentReports@29774679]" name="tearDown" is-config="true" duration-ms="1" started-at="2019-02-18T17:32:32Z" finished-at="2019-02-18T17:32:32Z">
          <params>
            <param index="0">
              <value>
                <![CDATA[[TestResult name=textarea status=SUCCESS method=Exercise1ExtentReports.textarea()[pri:1, instance:testReport.Exercise1ExtentReports@29774679] output={null}]]]>
              </value>
            </param>
          </params>
          <reporter-output>
          </reporter-output>
        </test-method> <!-- tearDown -->
        <test-method status="PASS" signature="afterClass()[pri:0, instance:testReport.Exercise1ExtentReports@29774679]" name="afterClass" is-config="true" duration-ms="269" started-at="2019-02-18T17:32:32Z" finished-at="2019-02-18T17:32:32Z">
          <reporter-output>
          </reporter-output>
        </test-method> <!-- afterClass -->
      </class> <!-- testReport.Exercise1ExtentReports -->
    </test> <!-- Default test -->
  </suite> <!-- Default suite -->
</testng-results>
